[2026-03-15 09:19:59] [INFO] ============================================================
[2026-03-15 09:19:59] [INFO] AutoConjecture Training Log
[2026-03-15 09:19:59] [INFO] Started: 2026-03-15T09:19:59.181234
[2026-03-15 09:19:59] [INFO] ============================================================

[2026-03-15 09:19:59] [INFO] ======================================================================
[2026-03-15 09:19:59] [INFO] AutoConjecture Phase 3: RL-Based Prover
[2026-03-15 09:19:59] [INFO] Started: 2026-03-15T09:19:59.181342
[2026-03-15 09:19:59] [INFO] Device: cuda
[2026-03-15 09:19:59] [INFO] GPU: NVIDIA A100-SXM4-40GB
[2026-03-15 09:19:59] [INFO] GPU memory: 42.4 GB
[2026-03-15 09:19:59] [INFO] ======================================================================
[2026-03-15 09:19:59] [INFO] 
Configuration:
[2026-03-15 09:19:59] [INFO]   num_epochs: 20
[2026-03-15 09:19:59] [INFO]   cycles_per_epoch: 500
[2026-03-15 09:19:59] [INFO]   conjectures_per_cycle: 10
[2026-03-15 09:19:59] [INFO]   random_seed: 42
[2026-03-15 09:19:59] [INFO]   initial_complexity: 6
[2026-03-15 09:19:59] [INFO]   final_complexity: 15
[2026-03-15 09:19:59] [INFO]   neural_ratio: 0.5
[2026-03-15 09:19:59] [INFO]   use_curriculum: True
[2026-03-15 09:19:59] [INFO]   success_threshold: 0.25
[2026-03-15 09:19:59] [INFO]   max_proof_steps: 30
[2026-03-15 09:19:59] [INFO]   update_interval: 50
[2026-03-15 09:19:59] [INFO]   encoder_d_model: 256
[2026-03-15 09:19:59] [INFO]   encoder_nhead: 4
[2026-03-15 09:19:59] [INFO]   encoder_num_layers: 3
[2026-03-15 09:19:59] [INFO]   encoder_dropout: 0.1
[2026-03-15 09:19:59] [INFO]   ac_hidden_dim: 256
[2026-03-15 09:19:59] [INFO]   ppo_clip_epsilon: 0.2
[2026-03-15 09:19:59] [INFO]   ppo_value_coef: 0.5
[2026-03-15 09:19:59] [INFO]   ppo_entropy_coef: 0.01
[2026-03-15 09:19:59] [INFO]   ppo_epochs: 4
[2026-03-15 09:19:59] [INFO]   ppo_mini_batch_size: 64
[2026-03-15 09:19:59] [INFO]   ppo_gamma: 0.99
[2026-03-15 09:19:59] [INFO]   ppo_gae_lambda: 0.95
[2026-03-15 09:19:59] [INFO]   ppo_lr: 0.0003
[2026-03-15 09:19:59] [INFO]   ppo_max_grad_norm: 0.5
[2026-03-15 09:19:59] [INFO]   ppo_target_kl: 0.05
[2026-03-15 09:19:59] [INFO]   gen_d_model: 256
[2026-03-15 09:19:59] [INFO]   gen_nhead: 8
[2026-03-15 09:19:59] [INFO]   gen_num_layers: 6
[2026-03-15 09:19:59] [INFO]   gen_lr: 0.0001
[2026-03-15 09:19:59] [INFO]   gen_batch_size: 32
[2026-03-15 09:19:59] [INFO]   gen_warmup_steps: 500
[2026-03-15 09:19:59] [INFO]   gen_pretrain_epochs: 3
[2026-03-15 09:19:59] [INFO]   gen_update_interval: 100
[2026-03-15 09:19:59] [INFO]   use_heuristic_fallback: True
[2026-03-15 09:19:59] [INFO]   heuristic_max_depth: 50
[2026-03-15 09:19:59] [INFO]   heuristic_max_iter: 500
[2026-03-15 09:19:59] [INFO]   bc_warmup_cycles: 200
[2026-03-15 09:19:59] [INFO]   device: cuda
[2026-03-15 09:19:59] [INFO]   checkpoint_dir: data/checkpoints
[2026-03-15 09:19:59] [INFO]   experiment_name: phase3_a100_fixed
[2026-03-15 09:19:59] [INFO]   checkpoint_interval: 500
[2026-03-15 09:19:59] [INFO]   log_interval: 50
[2026-03-15 09:19:59] [INFO]   kb_checkpoint: data/checkpoints/neural_epoch_19_cycle_999.json
[2026-03-15 09:19:59] [INFO] 
[2026-03-15 09:19:59] [INFO] Phase 3 | device=cuda | experiment=phase3_a100_fixed
[2026-03-15 09:19:59] [INFO]   Config: epochs=20, cycles/epoch=500
[2026-03-15 09:19:59] [INFO]   Loading KB from data/checkpoints/neural_epoch_19_cycle_999.json...
[2026-03-15 09:19:59] [INFO]   Loaded 96 theorems from KB checkpoint (0 index-only fallbacks).
[2026-03-15 09:20:01] [INFO]   Parameters: encoder=2,439,936  actor_critic=199,045  generator=6,329,361
[2026-03-15 09:20:01] [INFO] 
======================================================================
[2026-03-15 09:20:01] [INFO] Phase 3: RL-Based Prover Training (PPO)
[2026-03-15 09:20:01] [INFO] ======================================================================
[2026-03-15 09:20:01] [INFO] 
[Pre-training generator on existing knowledge base...]
[2026-03-15 09:20:01] [INFO]   Pre-training done.
[2026-03-15 09:20:01] [INFO] 
[Behavioral cloning warm-up on 96 existing theorems...]
[2026-03-15 09:20:03] [INFO]   Warm-up done. Processed 96 goals. PPO updates: 1
[2026-03-15 09:20:03] [INFO] 
======================================================================
[2026-03-15 09:20:03] [INFO] Epoch 1/20
[2026-03-15 09:20:03] [INFO] ======================================================================
[2026-03-15 09:20:03] [INFO] Epoch 1, Cycle 0/500: KB=96  RL_rate=0.00%  H_rate=0.00%  epoch_rl=0  epoch_h=0  ppo_updates=1  complexity=6
[2026-03-15 09:20:24] [INFO] Epoch 1, Cycle 50/500: KB=98  RL_rate=5.41%  H_rate=0.00%  epoch_rl=2  epoch_h=0  ppo_updates=1  complexity=6
[2026-03-15 09:20:46] [INFO]   [Generator update] loss=3.0759
[2026-03-15 09:20:46] [INFO] Epoch 1, Cycle 100/500: KB=98  RL_rate=3.17%  H_rate=0.00%  epoch_rl=2  epoch_h=0  ppo_updates=2  complexity=6
[2026-03-15 09:21:08] [INFO] Epoch 1, Cycle 150/500: KB=98  RL_rate=2.06%  H_rate=0.00%  epoch_rl=2  epoch_h=0  ppo_updates=2  complexity=6
[2026-03-15 09:21:28] [INFO]   [Generator update] loss=3.0476
[2026-03-15 09:21:29] [INFO] Epoch 1, Cycle 200/500: KB=98  RL_rate=1.67%  H_rate=0.00%  epoch_rl=2  epoch_h=0  ppo_updates=3  complexity=6
[2026-03-15 09:21:47] [INFO] Epoch 1, Cycle 250/500: KB=98  RL_rate=1.43%  H_rate=0.00%  epoch_rl=2  epoch_h=0  ppo_updates=3  complexity=6
[2026-03-15 09:22:09] [INFO]   [Generator update] loss=3.0352
[2026-03-15 09:22:09] [INFO] Epoch 1, Cycle 300/500: KB=98  RL_rate=1.27%  H_rate=0.00%  epoch_rl=2  epoch_h=0  ppo_updates=4  complexity=6
[2026-03-15 09:22:27] [INFO] Epoch 1, Cycle 350/500: KB=98  RL_rate=1.16%  H_rate=0.00%  epoch_rl=2  epoch_h=0  ppo_updates=4  complexity=6
[2026-03-15 09:22:43] [INFO]   [Generator update] loss=3.0083
[2026-03-15 09:22:43] [INFO] Epoch 1, Cycle 400/500: KB=98  RL_rate=1.10%  H_rate=0.00%  epoch_rl=2  epoch_h=0  ppo_updates=4  complexity=6
[2026-03-15 09:22:57] [INFO] Epoch 1, Cycle 450/500: KB=98  RL_rate=1.08%  H_rate=0.00%  epoch_rl=2  epoch_h=0  ppo_updates=4  complexity=6
[2026-03-15 09:23:12] [INFO]   [Generator update] loss=2.9817
[2026-03-15 09:23:13] [INFO]   Checkpoint saved: epoch_0_cycle_499
[2026-03-15 09:23:13] [INFO] 
Epoch 1 done in 190.2s | RL proofs: 2 | Heuristic proofs: 0 | KB size: 98
[2026-03-15 09:23:13] [INFO] 
======================================================================
[2026-03-15 09:23:13] [INFO] Epoch 2/20
[2026-03-15 09:23:13] [INFO] ======================================================================
[2026-03-15 09:23:13] [INFO] Epoch 2, Cycle 0/500: KB=98  RL_rate=1.01%  H_rate=0.00%  epoch_rl=0  epoch_h=0  ppo_updates=4  complexity=6
[2026-03-15 09:23:18] [INFO]   [PPO #5] pol_loss=-0.0078  val_loss=0.6361  entropy=1.2570  kl=0.0058
[2026-03-15 09:23:41] [INFO] Epoch 2, Cycle 50/500: KB=100  RL_rate=1.65%  H_rate=0.00%  epoch_rl=2  epoch_h=0  ppo_updates=5  complexity=6
[2026-03-15 09:24:05] [INFO]   [Generator update] loss=2.9526
[2026-03-15 09:24:06] [INFO] Epoch 2, Cycle 100/500: KB=100  RL_rate=1.43%  H_rate=0.00%  epoch_rl=2  epoch_h=0  ppo_updates=6  complexity=6
[2026-03-15 09:24:28] [INFO] Epoch 2, Cycle 150/500: KB=100  RL_rate=1.31%  H_rate=0.00%  epoch_rl=2  epoch_h=0  ppo_updates=7  complexity=6
[2026-03-15 09:24:43] [INFO]   [Generator update] loss=2.8985
[2026-03-15 09:24:43] [INFO] Epoch 2, Cycle 200/500: KB=100  RL_rate=1.23%  H_rate=0.00%  epoch_rl=2  epoch_h=0  ppo_updates=7  complexity=6
[2026-03-15 09:24:58] [INFO] Epoch 2, Cycle 250/500: KB=100  RL_rate=1.17%  H_rate=0.00%  epoch_rl=2  epoch_h=0  ppo_updates=7  complexity=6
[2026-03-15 09:25:16] [INFO]   [Generator update] loss=2.8825
[2026-03-15 09:25:17] [INFO] Epoch 2, Cycle 300/500: KB=100  RL_rate=1.10%  H_rate=0.00%  epoch_rl=2  epoch_h=0  ppo_updates=8  complexity=6
[2026-03-15 09:25:30] [INFO] Epoch 2, Cycle 350/500: KB=100  RL_rate=1.07%  H_rate=0.00%  epoch_rl=2  epoch_h=0  ppo_updates=8  complexity=6
[2026-03-15 09:25:44] [INFO]   [Generator update] loss=2.8482
[2026-03-15 09:25:44] [INFO] Epoch 2, Cycle 400/500: KB=100  RL_rate=1.03%  H_rate=0.00%  epoch_rl=2  epoch_h=0  ppo_updates=8  complexity=6
[2026-03-15 09:25:57] [INFO] Epoch 2, Cycle 450/500: KB=100  RL_rate=1.00%  H_rate=0.00%  epoch_rl=2  epoch_h=0  ppo_updates=8  complexity=6
[2026-03-15 09:26:12] [INFO]   [Generator update] loss=2.8376
[2026-03-15 09:26:12] [INFO]   Checkpoint saved: epoch_1_cycle_499
[2026-03-15 09:26:12] [INFO] 
Epoch 2 done in 179.6s | RL proofs: 2 | Heuristic proofs: 0 | KB size: 100
[2026-03-15 09:26:12] [INFO] 
======================================================================
[2026-03-15 09:26:12] [INFO] Epoch 3/20
[2026-03-15 09:26:12] [INFO] ======================================================================
[2026-03-15 09:26:13] [INFO] Epoch 3, Cycle 0/500: KB=100  RL_rate=0.99%  H_rate=0.00%  epoch_rl=0  epoch_h=0  ppo_updates=9  complexity=6
[2026-03-15 09:26:30] [INFO] Epoch 3, Cycle 50/500: KB=101  RL_rate=1.13%  H_rate=0.00%  epoch_rl=1  epoch_h=0  ppo_updates=9  complexity=6
[2026-03-15 09:26:37] [INFO]   [PPO #10] pol_loss=-0.0036  val_loss=0.4911  entropy=0.7677  kl=0.0087
[2026-03-15 09:26:51] [INFO]   [Generator update] loss=2.7728
[2026-03-15 09:26:52] [INFO] Epoch 3, Cycle 100/500: KB=102  RL_rate=1.26%  H_rate=0.00%  epoch_rl=2  epoch_h=0  ppo_updates=10  complexity=6
[2026-03-15 09:27:07] [INFO] Epoch 3, Cycle 150/500: KB=102  RL_rate=1.20%  H_rate=0.00%  epoch_rl=2  epoch_h=0  ppo_updates=10  complexity=6
[2026-03-15 09:27:27] [INFO]   [Generator update] loss=2.7396
[2026-03-15 09:27:27] [INFO] Epoch 3, Cycle 200/500: KB=102  RL_rate=1.15%  H_rate=0.00%  epoch_rl=2  epoch_h=0  ppo_updates=11  complexity=6
[2026-03-15 09:27:44] [INFO] Epoch 3, Cycle 250/500: KB=102  RL_rate=1.10%  H_rate=0.00%  epoch_rl=2  epoch_h=0  ppo_updates=11  complexity=6
[2026-03-15 09:28:01] [INFO]   [Generator update] loss=2.7109
[2026-03-15 09:28:01] [INFO] Epoch 3, Cycle 300/500: KB=102  RL_rate=1.06%  H_rate=0.00%  epoch_rl=2  epoch_h=0  ppo_updates=12  complexity=6
[2026-03-15 09:28:14] [INFO] Epoch 3, Cycle 350/500: KB=102  RL_rate=1.04%  H_rate=0.00%  epoch_rl=2  epoch_h=0  ppo_updates=12  complexity=6
[2026-03-15 09:28:27] [INFO]   [Generator update] loss=2.6781
[2026-03-15 09:28:27] [INFO] Epoch 3, Cycle 400/500: KB=102  RL_rate=1.02%  H_rate=0.00%  epoch_rl=2  epoch_h=0  ppo_updates=12  complexity=6
[2026-03-15 09:28:44] [INFO] Epoch 3, Cycle 450/500: KB=102  RL_rate=1.00%  H_rate=0.00%  epoch_rl=2  epoch_h=0  ppo_updates=13  complexity=6
[2026-03-15 09:28:59] [INFO]   [Generator update] loss=2.6199
[2026-03-15 09:28:59] [INFO]   Checkpoint saved: epoch_2_cycle_499
[2026-03-15 09:28:59] [INFO] 
Epoch 3 done in 166.8s | RL proofs: 2 | Heuristic proofs: 0 | KB size: 102
[2026-03-15 09:28:59] [INFO] 
======================================================================
[2026-03-15 09:28:59] [INFO] Epoch 4/20
[2026-03-15 09:28:59] [INFO] ======================================================================
[2026-03-15 09:28:59] [INFO] Epoch 4, Cycle 0/500: KB=102  RL_rate=0.98%  H_rate=0.00%  epoch_rl=0  epoch_h=0  ppo_updates=13  complexity=6
[2026-03-15 09:29:22] [INFO] Epoch 4, Cycle 50/500: KB=103  RL_rate=1.07%  H_rate=0.00%  epoch_rl=1  epoch_h=0  ppo_updates=14  complexity=6
[2026-03-15 09:29:40] [INFO]   [Generator update] loss=2.5901
[2026-03-15 09:29:40] [INFO] Epoch 4, Cycle 100/500: KB=104  RL_rate=1.16%  H_rate=0.00%  epoch_rl=2  epoch_h=0  ppo_updates=14  complexity=6
[2026-03-15 09:29:52] [INFO]   [PPO #15] pol_loss=-0.0100  val_loss=0.3746  entropy=0.4713  kl=0.0023
[2026-03-15 09:30:02] [INFO] Epoch 4, Cycle 150/500: KB=104  RL_rate=1.12%  H_rate=0.00%  epoch_rl=2  epoch_h=0  ppo_updates=15  complexity=6
[2026-03-15 09:30:19] [INFO]   [Generator update] loss=2.5659
[2026-03-15 09:30:19] [INFO] Epoch 4, Cycle 200/500: KB=105  RL_rate=1.21%  H_rate=0.00%  epoch_rl=3  epoch_h=0  ppo_updates=15  complexity=6
[2026-03-15 09:30:39] [INFO] Epoch 4, Cycle 250/500: KB=105  RL_rate=1.20%  H_rate=0.00%  epoch_rl=3  epoch_h=0  ppo_updates=16  complexity=6
[2026-03-15 09:30:52] [INFO]   [Generator update] loss=2.5246
[2026-03-15 09:30:52] [INFO] Epoch 4, Cycle 300/500: KB=105  RL_rate=1.17%  H_rate=0.00%  epoch_rl=3  epoch_h=0  ppo_updates=16  complexity=6
[2026-03-15 09:31:08] [INFO] Epoch 4, Cycle 350/500: KB=105  RL_rate=1.14%  H_rate=0.00%  epoch_rl=3  epoch_h=0  ppo_updates=16  complexity=6
[2026-03-15 09:31:21] [INFO]   [Generator update] loss=2.4917
[2026-03-15 09:31:21] [INFO] Epoch 4, Cycle 400/500: KB=105  RL_rate=1.13%  H_rate=0.00%  epoch_rl=3  epoch_h=0  ppo_updates=16  complexity=6
[2026-03-15 09:31:39] [INFO] Epoch 4, Cycle 450/500: KB=105  RL_rate=1.12%  H_rate=0.00%  epoch_rl=3  epoch_h=0  ppo_updates=17  complexity=6
[2026-03-15 09:31:54] [INFO]   [Generator update] loss=2.4695
[2026-03-15 09:31:54] [INFO]   Checkpoint saved: epoch_3_cycle_499
[2026-03-15 09:31:54] [INFO] 
Epoch 4 done in 174.7s | RL proofs: 3 | Heuristic proofs: 0 | KB size: 105
[2026-03-15 09:31:54] [INFO] 
======================================================================
[2026-03-15 09:31:54] [INFO] Epoch 5/20
[2026-03-15 09:31:54] [INFO] ======================================================================
[2026-03-15 09:31:54] [INFO] Epoch 5, Cycle 0/500: KB=105  RL_rate=1.11%  H_rate=0.00%  epoch_rl=0  epoch_h=0  ppo_updates=17  complexity=6
[2026-03-15 09:32:17] [INFO] Epoch 5, Cycle 50/500: KB=108  RL_rate=1.41%  H_rate=0.00%  epoch_rl=3  epoch_h=0  ppo_updates=18  complexity=6
[2026-03-15 09:32:37] [INFO]   [Generator update] loss=2.4182
[2026-03-15 09:32:38] [INFO] Epoch 5, Cycle 100/500: KB=108  RL_rate=1.35%  H_rate=0.00%  epoch_rl=3  epoch_h=0  ppo_updates=18  complexity=6
[2026-03-15 09:33:00] [INFO] Epoch 5, Cycle 150/500: KB=108  RL_rate=1.30%  H_rate=0.00%  epoch_rl=3  epoch_h=0  ppo_updates=19  complexity=6
[2026-03-15 09:33:19] [INFO]   [Generator update] loss=2.3744
[2026-03-15 09:33:20] [INFO] Epoch 5, Cycle 200/500: KB=108  RL_rate=1.26%  H_rate=0.00%  epoch_rl=3  epoch_h=0  ppo_updates=19  complexity=6
[2026-03-15 09:33:27] [INFO]   [PPO #20] pol_loss=0.0017  val_loss=0.3000  entropy=0.1901  kl=0.0005
[2026-03-15 09:33:40] [INFO] Epoch 5, Cycle 250/500: KB=108  RL_rate=1.24%  H_rate=0.00%  epoch_rl=3  epoch_h=0  ppo_updates=20  complexity=6
[2026-03-15 09:33:58] [INFO]   [Generator update] loss=2.3170
[2026-03-15 09:33:58] [INFO] Epoch 5, Cycle 300/500: KB=108  RL_rate=1.23%  H_rate=0.00%  epoch_rl=3  epoch_h=0  ppo_updates=20  complexity=6
[2026-03-15 09:34:14] [INFO] Epoch 5, Cycle 350/500: KB=108  RL_rate=1.21%  H_rate=0.00%  epoch_rl=3  epoch_h=0  ppo_updates=20  complexity=6
[2026-03-15 09:34:35] [INFO]   [Generator update] loss=2.3097
[2026-03-15 09:34:36] [INFO] Epoch 5, Cycle 400/500: KB=109  RL_rate=1.19%  H_rate=0.10%  epoch_rl=3  epoch_h=1  ppo_updates=21  complexity=6
[2026-03-15 09:34:53] [INFO] Epoch 5, Cycle 450/500: KB=109  RL_rate=1.18%  H_rate=0.10%  epoch_rl=3  epoch_h=1  ppo_updates=21  complexity=6
[2026-03-15 09:35:09] [INFO]   [Generator update] loss=2.2824
[2026-03-15 09:35:09] [INFO]   Checkpoint saved: epoch_4_cycle_499
[2026-03-15 09:35:09] [INFO] 
Epoch 5 done in 195.6s | RL proofs: 3 | Heuristic proofs: 1 | KB size: 109
[2026-03-15 09:35:09] [INFO] 
======================================================================
[2026-03-15 09:35:09] [INFO] Epoch 6/20
[2026-03-15 09:35:09] [INFO] ======================================================================
[2026-03-15 09:35:10] [INFO] Epoch 6, Cycle 0/500: KB=109  RL_rate=1.17%  H_rate=0.10%  epoch_rl=0  epoch_h=0  ppo_updates=21  complexity=6
[2026-03-15 09:35:36] [INFO] Epoch 6, Cycle 50/500: KB=109  RL_rate=1.13%  H_rate=0.09%  epoch_rl=0  epoch_h=0  ppo_updates=22  complexity=6
[2026-03-15 09:36:04] [INFO]   [Generator update] loss=2.2543
[2026-03-15 09:36:04] [INFO] Epoch 6, Cycle 100/500: KB=111  RL_rate=1.27%  H_rate=0.09%  epoch_rl=2  epoch_h=0  ppo_updates=23  complexity=6
[2026-03-15 09:36:25] [INFO] Epoch 6, Cycle 150/500: KB=111  RL_rate=1.23%  H_rate=0.09%  epoch_rl=2  epoch_h=0  ppo_updates=23  complexity=6
[2026-03-15 09:36:52] [INFO]   [Generator update] loss=2.2212
[2026-03-15 09:36:52] [INFO] Epoch 6, Cycle 200/500: KB=111  RL_rate=1.19%  H_rate=0.09%  epoch_rl=2  epoch_h=0  ppo_updates=24  complexity=6
[2026-03-15 09:37:13] [INFO]   [PPO #25] pol_loss=0.0009  val_loss=0.1759  entropy=0.1458  kl=0.0034
[2026-03-15 09:37:18] [INFO] Epoch 6, Cycle 250/500: KB=111  RL_rate=1.16%  H_rate=0.08%  epoch_rl=2  epoch_h=0  ppo_updates=25  complexity=6
[2026-03-15 09:37:38] [INFO]   [Generator update] loss=2.2012
[2026-03-15 09:37:38] [INFO] Epoch 6, Cycle 300/500: KB=112  RL_rate=1.14%  H_rate=0.16%  epoch_rl=2  epoch_h=1  ppo_updates=25  complexity=6
[2026-03-15 09:37:58] [INFO] Epoch 6, Cycle 350/500: KB=112  RL_rate=1.12%  H_rate=0.16%  epoch_rl=2  epoch_h=1  ppo_updates=25  complexity=6
[2026-03-15 09:38:18] [INFO]   [Generator update] loss=2.1847
[2026-03-15 09:38:18] [INFO] Epoch 6, Cycle 400/500: KB=112  RL_rate=1.11%  H_rate=0.16%  epoch_rl=2  epoch_h=1  ppo_updates=26  complexity=6
[2026-03-15 09:38:36] [INFO] Epoch 6, Cycle 450/500: KB=112  RL_rate=1.10%  H_rate=0.16%  epoch_rl=2  epoch_h=1  ppo_updates=26  complexity=6
[2026-03-15 09:38:56] [INFO]   [Generator update] loss=2.1673
[2026-03-15 09:38:56] [INFO]   Checkpoint saved: epoch_5_cycle_499
[2026-03-15 09:38:56] [INFO] 
Epoch 6 done in 227.0s | RL proofs: 2 | Heuristic proofs: 1 | KB size: 112
[2026-03-15 09:38:56] [INFO] 
======================================================================
[2026-03-15 09:38:56] [INFO] Epoch 7/20
[2026-03-15 09:38:56] [INFO] ======================================================================
[2026-03-15 09:38:57] [INFO] Epoch 7, Cycle 0/500: KB=112  RL_rate=1.10%  H_rate=0.16%  epoch_rl=0  epoch_h=0  ppo_updates=26  complexity=6
[2026-03-15 09:39:27] [INFO] Epoch 7, Cycle 50/500: KB=112  RL_rate=1.06%  H_rate=0.15%  epoch_rl=0  epoch_h=0  ppo_updates=27  complexity=6
[2026-03-15 09:39:52] [INFO]   [Generator update] loss=2.1407
[2026-03-15 09:39:52] [INFO] Epoch 7, Cycle 100/500: KB=113  RL_rate=1.03%  H_rate=0.22%  epoch_rl=0  epoch_h=1  ppo_updates=28  complexity=6
[2026-03-15 09:40:17] [INFO] Epoch 7, Cycle 150/500: KB=113  RL_rate=1.00%  H_rate=0.21%  epoch_rl=0  epoch_h=1  ppo_updates=28  complexity=6
[2026-03-15 09:40:41] [INFO]   [Generator update] loss=2.1318
[2026-03-15 09:40:41] [INFO] Epoch 7, Cycle 200/500: KB=114  RL_rate=1.06%  H_rate=0.21%  epoch_rl=1  epoch_h=1  ppo_updates=29  complexity=6
[2026-03-15 09:41:01] [INFO] Epoch 7, Cycle 250/500: KB=114  RL_rate=1.05%  H_rate=0.21%  epoch_rl=1  epoch_h=1  ppo_updates=29  complexity=6
[2026-03-15 09:41:25] [INFO]   [PPO #30] pol_loss=0.0132  val_loss=0.2445  entropy=0.2976  kl=0.0124
[2026-03-15 09:41:25] [INFO]   [Generator update] loss=2.0937
[2026-03-15 09:41:25] [INFO] Epoch 7, Cycle 300/500: KB=114  RL_rate=1.03%  H_rate=0.21%  epoch_rl=1  epoch_h=1  ppo_updates=30  complexity=6
[2026-03-15 09:41:43] [INFO] Epoch 7, Cycle 350/500: KB=114  RL_rate=1.02%  H_rate=0.20%  epoch_rl=1  epoch_h=1  ppo_updates=30  complexity=6
[2026-03-15 09:42:01] [INFO]   [Generator update] loss=2.1001
[2026-03-15 09:42:01] [INFO] Epoch 7, Cycle 400/500: KB=114  RL_rate=1.01%  H_rate=0.20%  epoch_rl=1  epoch_h=1  ppo_updates=30  complexity=6
[2026-03-15 09:42:20] [INFO] Epoch 7, Cycle 450/500: KB=115  RL_rate=1.01%  H_rate=0.27%  epoch_rl=1  epoch_h=2  ppo_updates=30  complexity=6
[2026-03-15 09:42:37] [INFO]   [Generator update] loss=2.0504
[2026-03-15 09:42:37] [INFO]   Checkpoint saved: epoch_6_cycle_499
[2026-03-15 09:42:37] [INFO] 
Epoch 7 done in 221.1s | RL proofs: 1 | Heuristic proofs: 2 | KB size: 115
[2026-03-15 09:42:37] [INFO] 
======================================================================
[2026-03-15 09:42:37] [INFO] Epoch 8/20
[2026-03-15 09:42:37] [INFO] ======================================================================
[2026-03-15 09:42:38] [INFO] Epoch 8, Cycle 0/500: KB=115  RL_rate=1.00%  H_rate=0.27%  epoch_rl=0  epoch_h=0  ppo_updates=30  complexity=6
[2026-03-15 09:43:05] [INFO] Epoch 8, Cycle 50/500: KB=116  RL_rate=1.05%  H_rate=0.26%  epoch_rl=1  epoch_h=0  ppo_updates=31  complexity=6
[2026-03-15 09:43:34] [INFO]   [Generator update] loss=2.0437
[2026-03-15 09:43:35] [INFO] Epoch 8, Cycle 100/500: KB=116  RL_rate=1.02%  H_rate=0.26%  epoch_rl=1  epoch_h=0  ppo_updates=32  complexity=6
[2026-03-15 09:44:04] [INFO] Epoch 8, Cycle 150/500: KB=116  RL_rate=1.00%  H_rate=0.25%  epoch_rl=1  epoch_h=0  ppo_updates=33  complexity=6
[2026-03-15 09:44:26] [INFO]   [Generator update] loss=2.0153
[2026-03-15 09:44:26] [INFO] Epoch 8, Cycle 200/500: KB=117  RL_rate=0.98%  H_rate=0.31%  epoch_rl=1  epoch_h=1  ppo_updates=33  complexity=6
[2026-03-15 09:44:46] [INFO] Epoch 8, Cycle 250/500: KB=117  RL_rate=0.97%  H_rate=0.30%  epoch_rl=1  epoch_h=1  ppo_updates=33  complexity=6
[2026-03-15 09:45:09] [INFO]   [Generator update] loss=1.9830
[2026-03-15 09:45:10] [INFO] Epoch 8, Cycle 300/500: KB=117  RL_rate=0.96%  H_rate=0.30%  epoch_rl=1  epoch_h=1  ppo_updates=34  complexity=6
[2026-03-15 09:45:26] [INFO] Epoch 8, Cycle 350/500: KB=117  RL_rate=0.95%  H_rate=0.30%  epoch_rl=1  epoch_h=1  ppo_updates=34  complexity=6
[2026-03-15 09:45:45] [INFO]   [PPO #35] pol_loss=-0.0001  val_loss=0.1698  entropy=0.2109  kl=0.0131
[2026-03-15 09:45:48] [INFO]   [Generator update] loss=1.9585
[2026-03-15 09:45:49] [INFO] Epoch 8, Cycle 400/500: KB=117  RL_rate=0.94%  H_rate=0.29%  epoch_rl=1  epoch_h=1  ppo_updates=35  complexity=6
[2026-03-15 09:46:07] [INFO] Epoch 8, Cycle 450/500: KB=117  RL_rate=0.93%  H_rate=0.29%  epoch_rl=1  epoch_h=1  ppo_updates=35  complexity=6
[2026-03-15 09:46:24] [INFO]   [Generator update] loss=1.9431
[2026-03-15 09:46:25] [INFO]   Checkpoint saved: epoch_7_cycle_499
[2026-03-15 09:46:25] [INFO] 
Epoch 8 done in 227.2s | RL proofs: 2 | Heuristic proofs: 1 | KB size: 118
[2026-03-15 09:46:25] [INFO] 
======================================================================
[2026-03-15 09:46:25] [INFO] Epoch 9/20
[2026-03-15 09:46:25] [INFO] ======================================================================
[2026-03-15 09:46:25] [INFO] Epoch 9, Cycle 0/500: KB=118  RL_rate=0.98%  H_rate=0.29%  epoch_rl=0  epoch_h=0  ppo_updates=35  complexity=6
[2026-03-15 09:46:51] [INFO] Epoch 9, Cycle 50/500: KB=118  RL_rate=0.96%  H_rate=0.28%  epoch_rl=0  epoch_h=0  ppo_updates=36  complexity=6
[2026-03-15 09:47:17] [INFO]   [Generator update] loss=1.9205
[2026-03-15 09:47:17] [INFO] Epoch 9, Cycle 100/500: KB=119  RL_rate=0.94%  H_rate=0.33%  epoch_rl=0  epoch_h=1  ppo_updates=37  complexity=6
[2026-03-15 09:47:37] [INFO] Epoch 9, Cycle 150/500: KB=119  RL_rate=0.93%  H_rate=0.33%  epoch_rl=0  epoch_h=1  ppo_updates=37  complexity=6
[2026-03-15 09:48:02] [INFO]   [Generator update] loss=1.9029
[2026-03-15 09:48:03] [INFO] Epoch 9, Cycle 200/500: KB=119  RL_rate=0.91%  H_rate=0.32%  epoch_rl=0  epoch_h=1  ppo_updates=38  complexity=6
[2026-03-15 09:48:20] [INFO] Epoch 9, Cycle 250/500: KB=119  RL_rate=0.90%  H_rate=0.32%  epoch_rl=0  epoch_h=1  ppo_updates=38  complexity=6
[2026-03-15 09:48:42] [INFO]   [Generator update] loss=1.8919
[2026-03-15 09:48:42] [INFO] Epoch 9, Cycle 300/500: KB=119  RL_rate=0.88%  H_rate=0.31%  epoch_rl=0  epoch_h=1  ppo_updates=39  complexity=6
[2026-03-15 09:49:01] [INFO]   [PPO #40] pol_loss=-0.0036  val_loss=0.1131  entropy=0.0854  kl=0.0078
[2026-03-15 09:49:01] [INFO] Epoch 9, Cycle 350/500: KB=119  RL_rate=0.87%  H_rate=0.31%  epoch_rl=0  epoch_h=1  ppo_updates=40  complexity=6
[2026-03-15 09:49:18] [INFO]   [Generator update] loss=1.8337
[2026-03-15 09:49:18] [INFO] Epoch 9, Cycle 400/500: KB=119  RL_rate=0.86%  H_rate=0.30%  epoch_rl=0  epoch_h=1  ppo_updates=40  complexity=6
[2026-03-15 09:49:37] [INFO] Epoch 9, Cycle 450/500: KB=119  RL_rate=0.85%  H_rate=0.30%  epoch_rl=0  epoch_h=1  ppo_updates=40  complexity=6
[2026-03-15 09:49:54] [INFO]   [Generator update] loss=1.8318
[2026-03-15 09:49:54] [INFO]   Checkpoint saved: epoch_8_cycle_499
[2026-03-15 09:49:54] [INFO] 
Epoch 9 done in 209.4s | RL proofs: 1 | Heuristic proofs: 1 | KB size: 120
[2026-03-15 09:49:54] [INFO] 
======================================================================
[2026-03-15 09:49:54] [INFO] Epoch 10/20
[2026-03-15 09:49:54] [INFO] ======================================================================
[2026-03-15 09:49:55] [INFO] Epoch 10, Cycle 0/500: KB=120  RL_rate=0.89%  H_rate=0.30%  epoch_rl=0  epoch_h=0  ppo_updates=41  complexity=6
[2026-03-15 09:50:19] [INFO] Epoch 10, Cycle 50/500: KB=120  RL_rate=0.87%  H_rate=0.29%  epoch_rl=0  epoch_h=0  ppo_updates=42  complexity=6
[2026-03-15 09:50:43] [INFO]   [Generator update] loss=1.8182
[2026-03-15 09:50:44] [INFO] Epoch 10, Cycle 100/500: KB=120  RL_rate=0.86%  H_rate=0.29%  epoch_rl=0  epoch_h=0  ppo_updates=43  complexity=6
[2026-03-15 09:51:02] [INFO] Epoch 10, Cycle 150/500: KB=121  RL_rate=0.89%  H_rate=0.28%  epoch_rl=1  epoch_h=0  ppo_updates=43  complexity=6
[2026-03-15 09:51:23] [INFO]   [Generator update] loss=1.7808
[2026-03-15 09:51:24] [INFO] Epoch 10, Cycle 200/500: KB=121  RL_rate=0.87%  H_rate=0.28%  epoch_rl=1  epoch_h=0  ppo_updates=44  complexity=6
[2026-03-15 09:51:41] [INFO]   [PPO #45] pol_loss=-0.0010  val_loss=0.0761  entropy=0.1662  kl=0.0109
[2026-03-15 09:51:44] [INFO] Epoch 10, Cycle 250/500: KB=121  RL_rate=0.86%  H_rate=0.27%  epoch_rl=1  epoch_h=0  ppo_updates=45  complexity=6
[2026-03-15 09:51:58] [INFO]   [Generator update] loss=1.7633
[2026-03-15 09:51:59] [INFO] Epoch 10, Cycle 300/500: KB=123  RL_rate=0.86%  H_rate=0.36%  epoch_rl=1  epoch_h=2  ppo_updates=45  complexity=6
[2026-03-15 09:52:14] [INFO] Epoch 10, Cycle 350/500: KB=123  RL_rate=0.85%  H_rate=0.36%  epoch_rl=1  epoch_h=2  ppo_updates=45  complexity=6
[2026-03-15 09:52:30] [INFO]   [Generator update] loss=1.7471
[2026-03-15 09:52:31] [INFO] Epoch 10, Cycle 400/500: KB=123  RL_rate=0.84%  H_rate=0.35%  epoch_rl=1  epoch_h=2  ppo_updates=46  complexity=6
[2026-03-15 09:52:42] [INFO] Epoch 10, Cycle 450/500: KB=123  RL_rate=0.84%  H_rate=0.35%  epoch_rl=1  epoch_h=2  ppo_updates=46  complexity=6
[2026-03-15 09:52:54] [INFO]   [Generator update] loss=1.7248
[2026-03-15 09:52:55] [INFO]   Checkpoint saved: epoch_9_cycle_499
[2026-03-15 09:52:55] [INFO] 
Epoch 10 done in 180.4s | RL proofs: 1 | Heuristic proofs: 2 | KB size: 123
[2026-03-15 09:52:55] [INFO] 
======================================================================
[2026-03-15 09:52:55] [INFO] Epoch 11/20
[2026-03-15 09:52:55] [INFO] ======================================================================
[2026-03-15 09:52:55] [INFO] Epoch 11, Cycle 0/500: KB=123  RL_rate=0.83%  H_rate=0.35%  epoch_rl=0  epoch_h=0  ppo_updates=46  complexity=6
[2026-03-15 09:53:22] [INFO] Epoch 11, Cycle 50/500: KB=123  RL_rate=0.81%  H_rate=0.34%  epoch_rl=0  epoch_h=0  ppo_updates=47  complexity=6
[2026-03-15 09:53:43] [INFO]   [Generator update] loss=1.7012
[2026-03-15 09:53:44] [INFO] Epoch 11, Cycle 100/500: KB=123  RL_rate=0.80%  H_rate=0.34%  epoch_rl=0  epoch_h=0  ppo_updates=48  complexity=6
[2026-03-15 09:54:07] [INFO] Epoch 11, Cycle 150/500: KB=123  RL_rate=0.78%  H_rate=0.33%  epoch_rl=0  epoch_h=0  ppo_updates=49  complexity=6
[2026-03-15 09:54:23] [INFO]   [PPO #50] pol_loss=0.0030  val_loss=0.1151  entropy=0.1178  kl=0.0106
[2026-03-15 09:54:26] [INFO]   [Generator update] loss=1.6610
[2026-03-15 09:54:26] [INFO] Epoch 11, Cycle 200/500: KB=123  RL_rate=0.77%  H_rate=0.33%  epoch_rl=0  epoch_h=0  ppo_updates=50  complexity=6
[2026-03-15 09:54:39] [INFO] Epoch 11, Cycle 250/500: KB=123  RL_rate=0.77%  H_rate=0.32%  epoch_rl=0  epoch_h=0  ppo_updates=50  complexity=6
[2026-03-15 09:54:53] [INFO]   [Generator update] loss=1.6662
[2026-03-15 09:54:53] [INFO] Epoch 11, Cycle 300/500: KB=123  RL_rate=0.76%  H_rate=0.32%  epoch_rl=0  epoch_h=0  ppo_updates=50  complexity=6
[2026-03-15 09:55:11] [INFO] Epoch 11, Cycle 350/500: KB=123  RL_rate=0.75%  H_rate=0.32%  epoch_rl=0  epoch_h=0  ppo_updates=51  complexity=6
[2026-03-15 09:55:25] [INFO]   [Generator update] loss=1.6207
[2026-03-15 09:55:25] [INFO] Epoch 11, Cycle 400/500: KB=123  RL_rate=0.75%  H_rate=0.31%  epoch_rl=0  epoch_h=0  ppo_updates=51  complexity=6
[2026-03-15 09:55:41] [INFO] Epoch 11, Cycle 450/500: KB=123  RL_rate=0.74%  H_rate=0.31%  epoch_rl=0  epoch_h=0  ppo_updates=52  complexity=6
[2026-03-15 09:55:54] [INFO]   [Generator update] loss=1.5926
[2026-03-15 09:55:55] [INFO]   Checkpoint saved: epoch_10_cycle_499
[2026-03-15 09:55:55] [INFO] 
Epoch 11 done in 179.9s | RL proofs: 0 | Heuristic proofs: 0 | KB size: 123
[2026-03-15 09:55:55] [INFO] 
======================================================================
[2026-03-15 09:55:55] [INFO] Epoch 12/20
[2026-03-15 09:55:55] [INFO] ======================================================================
[2026-03-15 09:55:55] [INFO] Epoch 12, Cycle 0/500: KB=123  RL_rate=0.74%  H_rate=0.31%  epoch_rl=0  epoch_h=0  ppo_updates=52  complexity=6
[2026-03-15 09:56:18] [INFO] Epoch 12, Cycle 50/500: KB=125  RL_rate=0.72%  H_rate=0.38%  epoch_rl=0  epoch_h=2  ppo_updates=53  complexity=6
[2026-03-15 09:56:39] [INFO]   [Generator update] loss=1.5793
[2026-03-15 09:56:39] [INFO] Epoch 12, Cycle 100/500: KB=125  RL_rate=0.71%  H_rate=0.37%  epoch_rl=0  epoch_h=2  ppo_updates=54  complexity=6
[2026-03-15 09:56:54] [INFO] Epoch 12, Cycle 150/500: KB=125  RL_rate=0.70%  H_rate=0.37%  epoch_rl=0  epoch_h=2  ppo_updates=54  complexity=6
[2026-03-15 09:56:58] [INFO]   [PPO #55] pol_loss=0.0009  val_loss=0.0845  entropy=0.0941  kl=0.0051
[2026-03-15 09:57:12] [INFO]   [Generator update] loss=1.5453
[2026-03-15 09:57:12] [INFO] Epoch 12, Cycle 200/500: KB=125  RL_rate=0.70%  H_rate=0.37%  epoch_rl=0  epoch_h=2  ppo_updates=55  complexity=6
[2026-03-15 09:57:25] [INFO] Epoch 12, Cycle 250/500: KB=125  RL_rate=0.69%  H_rate=0.37%  epoch_rl=0  epoch_h=2  ppo_updates=55  complexity=6
[2026-03-15 09:57:40] [INFO]   [Generator update] loss=1.5339
[2026-03-15 09:57:40] [INFO] Epoch 12, Cycle 300/500: KB=125  RL_rate=0.69%  H_rate=0.36%  epoch_rl=0  epoch_h=2  ppo_updates=56  complexity=6
[2026-03-15 09:57:52] [INFO] Epoch 12, Cycle 350/500: KB=125  RL_rate=0.69%  H_rate=0.36%  epoch_rl=0  epoch_h=2  ppo_updates=56  complexity=6
[2026-03-15 09:58:02] [INFO]   [Generator update] loss=1.5060
[2026-03-15 09:58:02] [INFO] Epoch 12, Cycle 400/500: KB=125  RL_rate=0.68%  H_rate=0.36%  epoch_rl=0  epoch_h=2  ppo_updates=56  complexity=6
[2026-03-15 09:58:12] [INFO] Epoch 12, Cycle 450/500: KB=125  RL_rate=0.68%  H_rate=0.36%  epoch_rl=0  epoch_h=2  ppo_updates=56  complexity=6
[2026-03-15 09:58:27] [INFO]   [Generator update] loss=1.4973
[2026-03-15 09:58:27] [INFO]   Checkpoint saved: epoch_11_cycle_499
[2026-03-15 09:58:27] [INFO] 
Epoch 12 done in 152.7s | RL proofs: 0 | Heuristic proofs: 2 | KB size: 125
[2026-03-15 09:58:27] [INFO] 
======================================================================
[2026-03-15 09:58:27] [INFO] Epoch 13/20
[2026-03-15 09:58:27] [INFO] ======================================================================
[2026-03-15 09:58:28] [INFO] Epoch 13, Cycle 0/500: KB=125  RL_rate=0.68%  H_rate=0.36%  epoch_rl=0  epoch_h=0  ppo_updates=57  complexity=6
[2026-03-15 09:58:46] [INFO] Epoch 13, Cycle 50/500: KB=125  RL_rate=0.67%  H_rate=0.35%  epoch_rl=0  epoch_h=0  ppo_updates=57  complexity=6
[2026-03-15 09:59:08] [INFO]   [Generator update] loss=1.4645
[2026-03-15 09:59:08] [INFO] Epoch 13, Cycle 100/500: KB=126  RL_rate=0.66%  H_rate=0.38%  epoch_rl=0  epoch_h=1  ppo_updates=58  complexity=6
[2026-03-15 09:59:28] [INFO] Epoch 13, Cycle 150/500: KB=126  RL_rate=0.65%  H_rate=0.38%  epoch_rl=0  epoch_h=1  ppo_updates=59  complexity=6
[2026-03-15 09:59:42] [INFO]   [PPO #60] pol_loss=0.0172  val_loss=0.1141  entropy=0.0603  kl=0.0048
[2026-03-15 09:59:46] [INFO]   [Generator update] loss=1.4522
[2026-03-15 09:59:47] [INFO] Epoch 13, Cycle 200/500: KB=126  RL_rate=0.64%  H_rate=0.37%  epoch_rl=0  epoch_h=1  ppo_updates=60  complexity=6
[2026-03-15 10:00:00] [INFO] Epoch 13, Cycle 250/500: KB=126  RL_rate=0.64%  H_rate=0.37%  epoch_rl=0  epoch_h=1  ppo_updates=60  complexity=6
[2026-03-15 10:00:18] [INFO]   [Generator update] loss=1.4195
[2026-03-15 10:00:18] [INFO] Epoch 13, Cycle 300/500: KB=126  RL_rate=0.63%  H_rate=0.37%  epoch_rl=0  epoch_h=1  ppo_updates=61  complexity=6
[2026-03-15 10:00:32] [INFO] Epoch 13, Cycle 350/500: KB=126  RL_rate=0.63%  H_rate=0.36%  epoch_rl=0  epoch_h=1  ppo_updates=61  complexity=6
[2026-03-15 10:00:44] [INFO]   [Generator update] loss=1.4017
[2026-03-15 10:00:44] [INFO] Epoch 13, Cycle 400/500: KB=126  RL_rate=0.62%  H_rate=0.36%  epoch_rl=0  epoch_h=1  ppo_updates=61  complexity=6
[2026-03-15 10:00:59] [INFO] Epoch 13, Cycle 450/500: KB=126  RL_rate=0.62%  H_rate=0.36%  epoch_rl=0  epoch_h=1  ppo_updates=62  complexity=6
[2026-03-15 10:01:10] [INFO]   [Generator update] loss=1.3856
[2026-03-15 10:01:10] [INFO]   Checkpoint saved: epoch_12_cycle_499
[2026-03-15 10:01:10] [INFO] 
Epoch 13 done in 163.0s | RL proofs: 0 | Heuristic proofs: 1 | KB size: 126
[2026-03-15 10:01:10] [INFO] 
======================================================================
[2026-03-15 10:01:10] [INFO] Epoch 14/20
[2026-03-15 10:01:10] [INFO] ======================================================================
[2026-03-15 10:01:11] [INFO] Epoch 14, Cycle 0/500: KB=126  RL_rate=0.62%  H_rate=0.36%  epoch_rl=0  epoch_h=0  ppo_updates=62  complexity=6
[2026-03-15 10:01:32] [INFO] Epoch 14, Cycle 50/500: KB=126  RL_rate=0.61%  H_rate=0.35%  epoch_rl=0  epoch_h=0  ppo_updates=63  complexity=6
[2026-03-15 10:01:50] [INFO]   [Generator update] loss=1.3803
[2026-03-15 10:01:51] [INFO] Epoch 14, Cycle 100/500: KB=126  RL_rate=0.60%  H_rate=0.35%  epoch_rl=0  epoch_h=0  ppo_updates=64  complexity=6
[2026-03-15 10:02:08] [INFO] Epoch 14, Cycle 150/500: KB=128  RL_rate=0.66%  H_rate=0.34%  epoch_rl=2  epoch_h=0  ppo_updates=64  complexity=6
[2026-03-15 10:02:15] [INFO]   [PPO #65] pol_loss=0.0021  val_loss=0.0522  entropy=0.0845  kl=0.0007
[2026-03-15 10:02:28] [INFO]   [Generator update] loss=1.3585
[2026-03-15 10:02:28] [INFO] Epoch 14, Cycle 200/500: KB=128  RL_rate=0.65%  H_rate=0.34%  epoch_rl=2  epoch_h=0  ppo_updates=65  complexity=6
[2026-03-15 10:02:45] [INFO] Epoch 14, Cycle 250/500: KB=128  RL_rate=0.65%  H_rate=0.34%  epoch_rl=2  epoch_h=0  ppo_updates=66  complexity=6
[2026-03-15 10:02:55] [INFO]   [Generator update] loss=1.3491
[2026-03-15 10:02:55] [INFO] Epoch 14, Cycle 300/500: KB=128  RL_rate=0.64%  H_rate=0.34%  epoch_rl=2  epoch_h=0  ppo_updates=66  complexity=6
[2026-03-15 10:03:07] [INFO] Epoch 14, Cycle 350/500: KB=128  RL_rate=0.64%  H_rate=0.34%  epoch_rl=2  epoch_h=0  ppo_updates=66  complexity=6
[2026-03-15 10:03:19] [INFO]   [Generator update] loss=1.3085
[2026-03-15 10:03:19] [INFO] Epoch 14, Cycle 400/500: KB=128  RL_rate=0.64%  H_rate=0.33%  epoch_rl=2  epoch_h=0  ppo_updates=66  complexity=6
[2026-03-15 10:03:34] [INFO] Epoch 14, Cycle 450/500: KB=128  RL_rate=0.63%  H_rate=0.33%  epoch_rl=2  epoch_h=0  ppo_updates=67  complexity=6
[2026-03-15 10:03:44] [INFO]   [Generator update] loss=1.3113
[2026-03-15 10:03:44] [INFO]   Checkpoint saved: epoch_13_cycle_499
[2026-03-15 10:03:44] [INFO] 
Epoch 14 done in 153.7s | RL proofs: 2 | Heuristic proofs: 0 | KB size: 128
[2026-03-15 10:03:44] [INFO] 
======================================================================
[2026-03-15 10:03:44] [INFO] Epoch 15/20
[2026-03-15 10:03:44] [INFO] ======================================================================
[2026-03-15 10:03:44] [INFO] Epoch 15, Cycle 0/500: KB=128  RL_rate=0.63%  H_rate=0.33%  epoch_rl=0  epoch_h=0  ppo_updates=67  complexity=6
[2026-03-15 10:04:03] [INFO] Epoch 15, Cycle 50/500: KB=128  RL_rate=0.62%  H_rate=0.33%  epoch_rl=0  epoch_h=0  ppo_updates=68  complexity=6
[2026-03-15 10:04:23] [INFO]   [Generator update] loss=1.2954
[2026-03-15 10:04:24] [INFO] Epoch 15, Cycle 100/500: KB=128  RL_rate=0.62%  H_rate=0.32%  epoch_rl=0  epoch_h=0  ppo_updates=69  complexity=6
[2026-03-15 10:04:41] [INFO] Epoch 15, Cycle 150/500: KB=128  RL_rate=0.61%  H_rate=0.32%  epoch_rl=0  epoch_h=0  ppo_updates=69  complexity=6
[2026-03-15 10:04:49] [INFO]   [PPO #70] pol_loss=0.0050  val_loss=0.0421  entropy=0.1755  kl=0.0061
[2026-03-15 10:05:01] [INFO]   [Generator update] loss=1.2552
[2026-03-15 10:05:01] [INFO] Epoch 15, Cycle 200/500: KB=128  RL_rate=0.60%  H_rate=0.32%  epoch_rl=0  epoch_h=0  ppo_updates=70  complexity=6
[2026-03-15 10:05:17] [INFO] Epoch 15, Cycle 250/500: KB=128  RL_rate=0.60%  H_rate=0.31%  epoch_rl=0  epoch_h=0  ppo_updates=71  complexity=6
[2026-03-15 10:05:33] [INFO]   [Generator update] loss=1.2484
[2026-03-15 10:05:33] [INFO] Epoch 15, Cycle 300/500: KB=128  RL_rate=0.59%  H_rate=0.31%  epoch_rl=0  epoch_h=0  ppo_updates=71  complexity=6
[2026-03-15 10:05:49] [INFO] Epoch 15, Cycle 350/500: KB=128  RL_rate=0.59%  H_rate=0.31%  epoch_rl=0  epoch_h=0  ppo_updates=72  complexity=6
[2026-03-15 10:06:04] [INFO]   [Generator update] loss=1.2181
[2026-03-15 10:06:05] [INFO] Epoch 15, Cycle 400/500: KB=128  RL_rate=0.58%  H_rate=0.31%  epoch_rl=0  epoch_h=0  ppo_updates=72  complexity=6
[2026-03-15 10:06:20] [INFO] Epoch 15, Cycle 450/500: KB=128  RL_rate=0.58%  H_rate=0.30%  epoch_rl=0  epoch_h=0  ppo_updates=73  complexity=6
[2026-03-15 10:06:32] [INFO]   [Generator update] loss=1.2121
[2026-03-15 10:06:32] [INFO]   Checkpoint saved: epoch_14_cycle_499
[2026-03-15 10:06:32] [INFO] 
Epoch 15 done in 168.6s | RL proofs: 0 | Heuristic proofs: 0 | KB size: 128
[2026-03-15 10:06:32] [INFO] 
======================================================================
[2026-03-15 10:06:32] [INFO] Epoch 16/20
[2026-03-15 10:06:32] [INFO] ======================================================================
[2026-03-15 10:06:33] [INFO] Epoch 16, Cycle 0/500: KB=128  RL_rate=0.58%  H_rate=0.30%  epoch_rl=0  epoch_h=0  ppo_updates=73  complexity=6
[2026-03-15 10:06:53] [INFO] Epoch 16, Cycle 50/500: KB=128  RL_rate=0.57%  H_rate=0.30%  epoch_rl=0  epoch_h=0  ppo_updates=74  complexity=6
[2026-03-15 10:07:08] [INFO]   [PPO #75] pol_loss=-0.0021  val_loss=0.0611  entropy=0.1551  kl=0.0038
[2026-03-15 10:07:13] [INFO]   [Generator update] loss=1.1985
[2026-03-15 10:07:13] [INFO] Epoch 16, Cycle 100/500: KB=128  RL_rate=0.57%  H_rate=0.30%  epoch_rl=0  epoch_h=0  ppo_updates=75  complexity=6
[2026-03-15 10:07:34] [INFO] Epoch 16, Cycle 150/500: KB=129  RL_rate=0.56%  H_rate=0.32%  epoch_rl=0  epoch_h=1  ppo_updates=76  complexity=6
[2026-03-15 10:07:48] [INFO]   [Generator update] loss=1.1799
[2026-03-15 10:07:49] [INFO] Epoch 16, Cycle 200/500: KB=129  RL_rate=0.56%  H_rate=0.32%  epoch_rl=0  epoch_h=1  ppo_updates=76  complexity=6
[2026-03-15 10:08:07] [INFO] Epoch 16, Cycle 250/500: KB=129  RL_rate=0.55%  H_rate=0.32%  epoch_rl=0  epoch_h=1  ppo_updates=77  complexity=6
[2026-03-15 10:08:20] [INFO]   [Generator update] loss=1.1766
[2026-03-15 10:08:20] [INFO] Epoch 16, Cycle 300/500: KB=129  RL_rate=0.55%  H_rate=0.31%  epoch_rl=0  epoch_h=1  ppo_updates=77  complexity=6
[2026-03-15 10:08:34] [INFO] Epoch 16, Cycle 350/500: KB=129  RL_rate=0.55%  H_rate=0.31%  epoch_rl=0  epoch_h=1  ppo_updates=77  complexity=6
[2026-03-15 10:08:49] [INFO]   [Generator update] loss=1.1622
[2026-03-15 10:08:49] [INFO] Epoch 16, Cycle 400/500: KB=129  RL_rate=0.54%  H_rate=0.31%  epoch_rl=0  epoch_h=1  ppo_updates=78  complexity=6
[2026-03-15 10:09:02] [INFO] Epoch 16, Cycle 450/500: KB=129  RL_rate=0.54%  H_rate=0.31%  epoch_rl=0  epoch_h=1  ppo_updates=78  complexity=6
[2026-03-15 10:09:17] [INFO]   [Generator update] loss=1.1342
[2026-03-15 10:09:17] [INFO]   Checkpoint saved: epoch_15_cycle_499
[2026-03-15 10:09:17] [INFO] 
Epoch 16 done in 164.8s | RL proofs: 0 | Heuristic proofs: 1 | KB size: 129
[2026-03-15 10:09:17] [INFO] 
======================================================================
[2026-03-15 10:09:17] [INFO] Epoch 17/20
[2026-03-15 10:09:17] [INFO] ======================================================================
[2026-03-15 10:09:18] [INFO] Epoch 17, Cycle 0/500: KB=129  RL_rate=0.54%  H_rate=0.31%  epoch_rl=0  epoch_h=0  ppo_updates=79  complexity=6
[2026-03-15 10:09:37] [INFO]   [PPO #80] pol_loss=0.0039  val_loss=0.0703  entropy=0.1091  kl=0.0034
[2026-03-15 10:09:39] [INFO] Epoch 17, Cycle 50/500: KB=129  RL_rate=0.53%  H_rate=0.30%  epoch_rl=0  epoch_h=0  ppo_updates=80  complexity=6
[2026-03-15 10:10:02] [INFO]   [Generator update] loss=1.1095
[2026-03-15 10:10:02] [INFO] Epoch 17, Cycle 100/500: KB=129  RL_rate=0.52%  H_rate=0.30%  epoch_rl=0  epoch_h=0  ppo_updates=81  complexity=6
[2026-03-15 10:10:15] [INFO] Epoch 17, Cycle 150/500: KB=129  RL_rate=0.52%  H_rate=0.30%  epoch_rl=0  epoch_h=0  ppo_updates=81  complexity=6
[2026-03-15 10:10:33] [INFO]   [Generator update] loss=1.1129
[2026-03-15 10:10:33] [INFO] Epoch 17, Cycle 200/500: KB=129  RL_rate=0.52%  H_rate=0.30%  epoch_rl=0  epoch_h=0  ppo_updates=82  complexity=6
[2026-03-15 10:10:52] [INFO] Epoch 17, Cycle 250/500: KB=129  RL_rate=0.51%  H_rate=0.29%  epoch_rl=0  epoch_h=0  ppo_updates=83  complexity=6
[2026-03-15 10:11:04] [INFO]   [Generator update] loss=1.1013
[2026-03-15 10:11:05] [INFO] Epoch 17, Cycle 300/500: KB=129  RL_rate=0.51%  H_rate=0.29%  epoch_rl=0  epoch_h=0  ppo_updates=83  complexity=6
[2026-03-15 10:11:22] [INFO] Epoch 17, Cycle 350/500: KB=129  RL_rate=0.51%  H_rate=0.29%  epoch_rl=0  epoch_h=0  ppo_updates=84  complexity=6
[2026-03-15 10:11:35] [INFO]   [Generator update] loss=1.0877
[2026-03-15 10:11:35] [INFO] Epoch 17, Cycle 400/500: KB=129  RL_rate=0.50%  H_rate=0.29%  epoch_rl=0  epoch_h=0  ppo_updates=84  complexity=6
[2026-03-15 10:11:48] [INFO]   [PPO #85] pol_loss=0.0006  val_loss=0.1166  entropy=0.1587  kl=0.0032
[2026-03-15 10:11:51] [INFO] Epoch 17, Cycle 450/500: KB=129  RL_rate=0.50%  H_rate=0.29%  epoch_rl=0  epoch_h=0  ppo_updates=85  complexity=6
[2026-03-15 10:12:03] [INFO]   [Generator update] loss=1.0686
[2026-03-15 10:12:03] [INFO]   Checkpoint saved: epoch_16_cycle_499
[2026-03-15 10:12:03] [INFO] 
Epoch 17 done in 165.9s | RL proofs: 0 | Heuristic proofs: 0 | KB size: 129
[2026-03-15 10:12:03] [INFO] 
======================================================================
[2026-03-15 10:12:03] [INFO] Epoch 18/20
[2026-03-15 10:12:03] [INFO] ======================================================================
[2026-03-15 10:12:03] [INFO] Epoch 18, Cycle 0/500: KB=129  RL_rate=0.50%  H_rate=0.28%  epoch_rl=0  epoch_h=0  ppo_updates=85  complexity=6
[2026-03-15 10:12:25] [INFO] Epoch 18, Cycle 50/500: KB=129  RL_rate=0.49%  H_rate=0.28%  epoch_rl=0  epoch_h=0  ppo_updates=86  complexity=6
[2026-03-15 10:12:46] [INFO]   [Generator update] loss=1.0576
[2026-03-15 10:12:46] [INFO] Epoch 18, Cycle 100/500: KB=129  RL_rate=0.49%  H_rate=0.28%  epoch_rl=0  epoch_h=0  ppo_updates=87  complexity=6
[2026-03-15 10:13:00] [INFO] Epoch 18, Cycle 150/500: KB=129  RL_rate=0.48%  H_rate=0.28%  epoch_rl=0  epoch_h=0  ppo_updates=87  complexity=6
[2026-03-15 10:13:19] [INFO]   [Generator update] loss=1.0662
[2026-03-15 10:13:19] [INFO] Epoch 18, Cycle 200/500: KB=129  RL_rate=0.48%  H_rate=0.27%  epoch_rl=0  epoch_h=0  ppo_updates=88  complexity=6
[2026-03-15 10:13:36] [INFO] Epoch 18, Cycle 250/500: KB=129  RL_rate=0.48%  H_rate=0.27%  epoch_rl=0  epoch_h=0  ppo_updates=89  complexity=6
[2026-03-15 10:13:50] [INFO]   [Generator update] loss=1.0414
[2026-03-15 10:13:50] [INFO] Epoch 18, Cycle 300/500: KB=129  RL_rate=0.47%  H_rate=0.27%  epoch_rl=0  epoch_h=0  ppo_updates=89  complexity=6
[2026-03-15 10:14:01] [INFO]   [PPO #90] pol_loss=0.0013  val_loss=0.0705  entropy=0.0889  kl=0.0047
[2026-03-15 10:14:06] [INFO] Epoch 18, Cycle 350/500: KB=129  RL_rate=0.47%  H_rate=0.27%  epoch_rl=0  epoch_h=0  ppo_updates=90  complexity=6
[2026-03-15 10:14:18] [INFO]   [Generator update] loss=1.0323
[2026-03-15 10:14:19] [INFO] Epoch 18, Cycle 400/500: KB=129  RL_rate=0.47%  H_rate=0.27%  epoch_rl=0  epoch_h=0  ppo_updates=90  complexity=6
[2026-03-15 10:14:31] [INFO] Epoch 18, Cycle 450/500: KB=129  RL_rate=0.47%  H_rate=0.27%  epoch_rl=0  epoch_h=0  ppo_updates=90  complexity=6
[2026-03-15 10:14:45] [INFO]   [Generator update] loss=1.0287
[2026-03-15 10:14:45] [INFO]   Checkpoint saved: epoch_17_cycle_499
[2026-03-15 10:14:45] [INFO] 
Epoch 18 done in 161.9s | RL proofs: 0 | Heuristic proofs: 0 | KB size: 129
[2026-03-15 10:14:45] [INFO] 
======================================================================
[2026-03-15 10:14:45] [INFO] Epoch 19/20
[2026-03-15 10:14:45] [INFO] ======================================================================
[2026-03-15 10:14:46] [INFO] Epoch 19, Cycle 0/500: KB=129  RL_rate=0.47%  H_rate=0.27%  epoch_rl=0  epoch_h=0  ppo_updates=91  complexity=6
[2026-03-15 10:15:09] [INFO] Epoch 19, Cycle 50/500: KB=129  RL_rate=0.46%  H_rate=0.26%  epoch_rl=0  epoch_h=0  ppo_updates=92  complexity=6
[2026-03-15 10:15:31] [INFO]   [Generator update] loss=1.0131
[2026-03-15 10:15:31] [INFO] Epoch 19, Cycle 100/500: KB=130  RL_rate=0.46%  H_rate=0.28%  epoch_rl=0  epoch_h=1  ppo_updates=93  complexity=6
[2026-03-15 10:15:44] [INFO] Epoch 19, Cycle 150/500: KB=130  RL_rate=0.45%  H_rate=0.28%  epoch_rl=0  epoch_h=1  ppo_updates=93  complexity=6
[2026-03-15 10:16:01] [INFO]   [Generator update] loss=1.0067
[2026-03-15 10:16:01] [INFO] Epoch 19, Cycle 200/500: KB=131  RL_rate=0.45%  H_rate=0.30%  epoch_rl=0  epoch_h=2  ppo_updates=94  complexity=6
[2026-03-15 10:16:13] [INFO] Epoch 19, Cycle 250/500: KB=131  RL_rate=0.45%  H_rate=0.30%  epoch_rl=0  epoch_h=2  ppo_updates=94  complexity=6
[2026-03-15 10:16:22] [INFO]   [PPO #95] pol_loss=-0.0096  val_loss=0.0741  entropy=0.0953  kl=0.0025
[2026-03-15 10:16:28] [INFO]   [Generator update] loss=0.9980
[2026-03-15 10:16:28] [INFO] Epoch 19, Cycle 300/500: KB=131  RL_rate=0.45%  H_rate=0.30%  epoch_rl=0  epoch_h=2  ppo_updates=95  complexity=6
[2026-03-15 10:16:39] [INFO] Epoch 19, Cycle 350/500: KB=131  RL_rate=0.44%  H_rate=0.30%  epoch_rl=0  epoch_h=2  ppo_updates=95  complexity=6
[2026-03-15 10:16:50] [INFO]   [Generator update] loss=1.0178
[2026-03-15 10:16:50] [INFO] Epoch 19, Cycle 400/500: KB=131  RL_rate=0.44%  H_rate=0.30%  epoch_rl=0  epoch_h=2  ppo_updates=95  complexity=6
[2026-03-15 10:17:05] [INFO] Epoch 19, Cycle 450/500: KB=131  RL_rate=0.44%  H_rate=0.29%  epoch_rl=0  epoch_h=2  ppo_updates=96  complexity=6
[2026-03-15 10:17:17] [INFO]   [Generator update] loss=0.9850
[2026-03-15 10:17:17] [INFO]   Checkpoint saved: epoch_18_cycle_499
[2026-03-15 10:17:17] [INFO] 
Epoch 19 done in 151.6s | RL proofs: 0 | Heuristic proofs: 2 | KB size: 131
[2026-03-15 10:17:17] [INFO] 
======================================================================
[2026-03-15 10:17:17] [INFO] Epoch 20/20
[2026-03-15 10:17:17] [INFO] ======================================================================
[2026-03-15 10:17:17] [INFO] Epoch 20, Cycle 0/500: KB=131  RL_rate=0.44%  H_rate=0.29%  epoch_rl=0  epoch_h=0  ppo_updates=96  complexity=6
[2026-03-15 10:17:42] [INFO] Epoch 20, Cycle 50/500: KB=131  RL_rate=0.43%  H_rate=0.29%  epoch_rl=0  epoch_h=0  ppo_updates=97  complexity=6
[2026-03-15 10:18:04] [INFO]   [Generator update] loss=0.9705
[2026-03-15 10:18:04] [INFO] Epoch 20, Cycle 100/500: KB=131  RL_rate=0.43%  H_rate=0.29%  epoch_rl=0  epoch_h=0  ppo_updates=98  complexity=6
[2026-03-15 10:18:22] [INFO] Epoch 20, Cycle 150/500: KB=131  RL_rate=0.43%  H_rate=0.28%  epoch_rl=0  epoch_h=0  ppo_updates=99  complexity=6
[2026-03-15 10:18:37] [INFO]   [PPO #100] pol_loss=0.0011  val_loss=0.0802  entropy=0.0732  kl=0.0030
[2026-03-15 10:18:38] [INFO]   [Generator update] loss=0.9716
[2026-03-15 10:18:39] [INFO] Epoch 20, Cycle 200/500: KB=131  RL_rate=0.42%  H_rate=0.28%  epoch_rl=0  epoch_h=0  ppo_updates=100  complexity=6
[2026-03-15 10:18:52] [INFO] Epoch 20, Cycle 250/500: KB=131  RL_rate=0.42%  H_rate=0.28%  epoch_rl=0  epoch_h=0  ppo_updates=100  complexity=6
[2026-03-15 10:19:08] [INFO]   [Generator update] loss=0.9609
[2026-03-15 10:19:09] [INFO] Epoch 20, Cycle 300/500: KB=131  RL_rate=0.42%  H_rate=0.28%  epoch_rl=0  epoch_h=0  ppo_updates=101  complexity=6
[2026-03-15 10:19:23] [INFO] Epoch 20, Cycle 350/500: KB=131  RL_rate=0.42%  H_rate=0.28%  epoch_rl=0  epoch_h=0  ppo_updates=101  complexity=6
[2026-03-15 10:19:39] [INFO]   [Generator update] loss=0.9463
[2026-03-15 10:19:39] [INFO] Epoch 20, Cycle 400/500: KB=131  RL_rate=0.41%  H_rate=0.28%  epoch_rl=0  epoch_h=0  ppo_updates=102  complexity=6
[2026-03-15 10:19:52] [INFO] Epoch 20, Cycle 450/500: KB=131  RL_rate=0.41%  H_rate=0.27%  epoch_rl=0  epoch_h=0  ppo_updates=102  complexity=6
[2026-03-15 10:20:08] [INFO]   [Generator update] loss=0.9623
[2026-03-15 10:20:08] [INFO]   Checkpoint saved: epoch_19_cycle_499
[2026-03-15 10:20:08] [INFO] 
Epoch 20 done in 171.1s | RL proofs: 0 | Heuristic proofs: 0 | KB size: 131
[2026-03-15 10:20:08] [INFO] 
======================================================================
[2026-03-15 10:20:08] [INFO] Training complete in 3605.3s
[2026-03-15 10:20:08] [INFO] Total RL proofs: 21
[2026-03-15 10:20:08] [INFO] Total heuristic proofs: 14
[2026-03-15 10:20:08] [INFO] Total PPO updates: 103
[2026-03-15 10:20:08] [INFO] Final KB size: 131
[2026-03-15 10:20:08] [INFO] ======================================================================
[2026-03-15 10:20:08] [INFO]   Checkpoint saved: epoch_19_cycle_499
[2026-03-15 10:20:08] [INFO] 
Final statistics after 3607.4s:
[2026-03-15 10:20:08] [INFO]   epoch: 19
[2026-03-15 10:20:08] [INFO]   cycle: 499
[2026-03-15 10:20:08] [INFO]   total_generated: 50945
[2026-03-15 10:20:08] [INFO]   total_attempted: 5116
[2026-03-15 10:20:08] [INFO]   total_proved_rl: 21
[2026-03-15 10:20:08] [INFO]   total_proved_heuristic: 14
[2026-03-15 10:20:08] [INFO]   rl_success_rate: 0.004104769351055512
[2026-03-15 10:20:08] [INFO]   heuristic_success_rate: 0.002736512900703675
[2026-03-15 10:20:08] [INFO]   ppo_update_count: 103
[2026-03-15 10:20:08] [INFO]   kb_size: 131
[2026-03-15 10:20:08] [INFO] 
Log saved to: data/experiments/phase3_a100_fixed_20260315_091959/phase3_a100_fixed_20260315_091959.log
