usage: train_phase3.py [-h] [--epochs EPOCHS] [--cycles CYCLES]
                       [--conjectures-per-cycle CONJECTURES_PER_CYCLE]
                       [--seed SEED] [--neural-ratio NEURAL_RATIO]
                       [--initial-complexity INITIAL_COMPLEXITY]
                       [--final-complexity FINAL_COMPLEXITY]
                       [--max-proof-steps MAX_PROOF_STEPS]
                       [--update-interval UPDATE_INTERVAL]
                       [--bc-warmup BC_WARMUP] [--no-heuristic]
                       [--enc-d-model ENC_D_MODEL] [--enc-layers ENC_LAYERS]
                       [--enc-heads ENC_HEADS] [--ppo-lr PPO_LR]
                       [--ppo-clip PPO_CLIP] [--ppo-epochs PPO_EPOCHS]
                       [--ppo-batch PPO_BATCH] [--entropy-coef ENTROPY_COEF]
                       [--gen-d-model GEN_D_MODEL] [--gen-layers GEN_LAYERS]
                       [--gen-pretrain-epochs GEN_PRETRAIN_EPOCHS]
                       [--gen-update-interval GEN_UPDATE_INTERVAL]
                       [--device DEVICE] [--experiment-name EXPERIMENT_NAME]
                       [--checkpoint-dir CHECKPOINT_DIR]
                       [--checkpoint-interval CHECKPOINT_INTERVAL]
                       [--log-interval LOG_INTERVAL]
                       [--kb-checkpoint KB_CHECKPOINT]
train_phase3.py: error: unrecognized arguments: --encoder-d-model 256 --encoder-layers 3 --ac-hidden-dim 256
