[2026-03-15 02:34:13] [INFO] ============================================================
[2026-03-15 02:34:13] [INFO] AutoConjecture Training Log
[2026-03-15 02:34:13] [INFO] Started: 2026-03-15T02:34:13.110391
[2026-03-15 02:34:13] [INFO] ============================================================

[2026-03-15 02:34:13] [INFO] ============================================================
[2026-03-15 02:34:13] [INFO] AutoConjecture Phase 2: Neural Generator Training
[2026-03-15 02:34:13] [INFO] ============================================================
[2026-03-15 02:34:13] [INFO] Configuration:
[2026-03-15 02:34:13] [INFO]   Epochs: 20
[2026-03-15 02:34:13] [INFO]   Cycles per epoch: 1000
[2026-03-15 02:34:13] [INFO]   Conjectures per cycle: 20
[2026-03-15 02:34:13] [INFO]   Model: d_model=512, heads=8, layers=8
[2026-03-15 02:34:13] [INFO]   Device: cuda
[2026-03-15 02:34:13] [INFO]   Curriculum: disabled
[2026-03-15 02:34:13] [INFO]   Pretrain epochs: 10
[2026-03-15 02:34:13] [INFO]   Random seed: 42
[2026-03-15 02:34:13] [INFO] ============================================================

[2026-03-15 02:34:15] [INFO] Starting Phase 2 neural training with config: NeuralTrainingConfig(num_epochs=20, cycles_per_epoch=1000, random_seed=42, conjectures_per_cycle=20, initial_complexity=2, final_complexity=20, d_model=512, nhead=8, num_layers=8, dropout=0.1, generator_lr=0.0001, generator_batch_size=32, generator_warmup_steps=500, use_curriculum=False, curriculum_progression='success_rate', success_threshold=0.3, max_proof_depth=50, max_proof_iterations=1000, pretrain_epochs=10, mixed_generation=True, neural_ratio=0.3, device='cuda', log_interval=100, checkpoint_interval=500)
[2026-03-15 02:34:15] [INFO] Device: cuda
[2026-03-15 02:34:15] [INFO] Model parameters: 25,252,881
[2026-03-15 02:34:15] [INFO] 
============================================================
[2026-03-15 02:34:15] [INFO] Phase 1: Supervised Pretraining
[2026-03-15 02:34:15] [INFO] ============================================================
[2026-03-15 02:34:15] [INFO] Pretraining on 6 axioms and 0 existing theorems
[2026-03-15 02:34:15] [INFO] Bootstrapping with axioms only
[2026-03-15 02:34:16] [INFO] Pretraining completed
[2026-03-15 02:34:16] [INFO] 
============================================================
[2026-03-15 02:34:16] [INFO] Phase 2: Curriculum Learning
[2026-03-15 02:34:16] [INFO] ============================================================
[2026-03-15 02:34:16] [INFO] 
============================================================
[2026-03-15 02:34:16] [INFO] Epoch 1/20
[2026-03-15 02:34:16] [INFO] ============================================================
[2026-03-15 02:34:16] [INFO] Epoch 1, Cycle 0/1000: KB size = 0, Success rate = 0.00%, Epoch proofs = 0
[2026-03-15 02:34:18] [INFO]   ✓ Proved: (0 = (0 * S((0 + z))))
[2026-03-15 02:34:18] [INFO]     Proof length: 1 steps
[2026-03-15 02:34:18] [INFO]     Complexity: 14.0
[2026-03-15 02:34:19] [INFO]   ✓ Proved: ((0 * ((0 + 0) + w)) = 0)
[2026-03-15 02:34:19] [INFO]     Proof length: 1 steps
[2026-03-15 02:34:19] [INFO]     Complexity: 15.0
[2026-03-15 02:34:19] [INFO]   ✓ Proved: ((0 * (0 + (0 * z))) = 0)
[2026-03-15 02:34:19] [INFO]     Proof length: 1 steps
[2026-03-15 02:34:19] [INFO]     Complexity: 15.0
[2026-03-15 02:34:20] [INFO]   ✓ Proved: (((S(0) + (0 + 0)) * 0) = (((y + 0) * 0) + 0))
[2026-03-15 02:34:20] [INFO]     Proof length: 1 steps
[2026-03-15 02:34:20] [INFO]     Complexity: 22.0
[2026-03-15 02:34:23] [INFO]   ✓ Proved: ((((y + w) + 0) * 0) = ((0 * 0) * (0 + S(w))))
[2026-03-15 02:34:23] [INFO]     Proof length: 1 steps
[2026-03-15 02:34:23] [INFO]     Complexity: 23.0
[2026-03-15 02:34:26] [INFO]   ✓ Proved: ((0 + w) = (((0 * w) * 0) + w))
[2026-03-15 02:34:26] [INFO]     Proof length: 1 steps
[2026-03-15 02:34:26] [INFO]     Complexity: 17.0
[2026-03-15 02:34:28] [INFO]   ✓ Proved: ((((x + 0) + y) * ((z + 0) * (w * 0))) = (y * 0))
[2026-03-15 02:34:28] [INFO]     Proof length: 1 steps
[2026-03-15 02:34:28] [INFO]     Complexity: 26.0
[2026-03-15 02:34:36] [INFO]   ✓ Proved: ((((z + w) * (0 * 0)) * (S(z) * S(0))) = 0)
[2026-03-15 02:34:36] [INFO]     Proof length: 1 steps
[2026-03-15 02:34:36] [INFO]     Complexity: 22.0
[2026-03-15 02:34:38] [INFO]   ✓ Proved: (0 = ((S(w) * (x * x)) * 0))
[2026-03-15 02:34:38] [INFO]     Proof length: 1 steps
[2026-03-15 02:34:38] [INFO]     Complexity: 17.0
[2026-03-15 02:34:40] [INFO]   ✓ Proved: ((0 + 0) = ((S(w) * (0 + z)) * (w * 0)))
[2026-03-15 02:34:40] [INFO]     Proof length: 1 steps
[2026-03-15 02:34:40] [INFO]     Complexity: 21.0
[2026-03-15 02:34:40] [INFO]   ✓ Proved: (((0 * (0 + 0)) * 0) = (0 * z))
[2026-03-15 02:34:40] [INFO]     Proof length: 1 steps
[2026-03-15 02:34:40] [INFO]     Complexity: 17.0
[2026-03-15 02:34:41] [INFO]   ✓ Proved: (0 = (0 + 0))
[2026-03-15 02:34:41] [INFO]     Proof length: 1 steps
[2026-03-15 02:34:41] [INFO]     Complexity: 8.0
[2026-03-15 02:34:41] [INFO]   ✓ Proved: (((0 * w) * 0) = (0 * (0 + w)))
[2026-03-15 02:34:41] [INFO]     Proof length: 1 steps
[2026-03-15 02:34:41] [INFO]     Complexity: 16.0
[2026-03-15 02:34:46] [INFO]   ✓ Proved: (S(0) = S(((0 + 0) * (0 + z))))
[2026-03-15 02:34:46] [INFO]     Proof length: 1 steps
[2026-03-15 02:34:46] [INFO]     Complexity: 17.0
[2026-03-15 02:34:47] [INFO]   ✓ Proved: (S((0 + (0 * w))) = (0 + S(0)))
[2026-03-15 02:34:47] [INFO]     Proof length: 1 steps
[2026-03-15 02:34:47] [INFO]     Complexity: 17.0
[2026-03-15 02:34:51] [INFO]   ✓ Proved: ((0 * (x * w)) = ((S(w) * 0) + ((0 + 0) + 0)))
[2026-03-15 02:34:51] [INFO]     Proof length: 1 steps
[2026-03-15 02:34:51] [INFO]     Complexity: 23.0
[2026-03-15 02:34:51] [INFO]   ✓ Proved: ((x * (0 * (0 * 0))) = ((0 * w) * ((w * 0) * (x + 0))))
[2026-03-15 02:34:51] [INFO]     Proof length: 1 steps
[2026-03-15 02:34:51] [INFO]     Complexity: 26.0
[2026-03-15 02:35:12] [INFO]   ✓ Proved: ((((w * 0) + 0) * ((0 + 0) * x)) = ((0 + 0) * S((0 * 0))))
[2026-03-15 02:35:12] [INFO]     Proof length: 1 steps
[2026-03-15 02:35:12] [INFO]     Complexity: 27.0
[2026-03-15 02:35:15] [INFO] Epoch 1, Cycle 100/1000: KB size = 18, Success rate = 3.09%, Epoch proofs = 18
