[2026-03-15 08:48:46] [INFO] ============================================================
[2026-03-15 08:48:46] [INFO] AutoConjecture Training Log
[2026-03-15 08:48:46] [INFO] Started: 2026-03-15T08:48:46.578202
[2026-03-15 08:48:46] [INFO] ============================================================

[2026-03-15 08:48:46] [INFO] Phase 3 | device=cuda | experiment=phase3_smoke
[2026-03-15 08:48:46] [INFO]   Config: epochs=1, cycles/epoch=3
[2026-03-15 08:48:46] [INFO]   Loading KB from data/checkpoints/neural_epoch_19_cycle_999.json...
[2026-03-15 08:48:46] [INFO]   Loaded 96 theorem statements from KB checkpoint.
[2026-03-15 08:48:48] [INFO]   Parameters: encoder=2,439,936  actor_critic=199,045  generator=6,329,361
[2026-03-15 08:48:48] [INFO] 
======================================================================
[2026-03-15 08:48:48] [INFO] Phase 3: RL-Based Prover Training (PPO)
[2026-03-15 08:48:48] [INFO] ======================================================================
[2026-03-15 08:48:48] [INFO] 
======================================================================
[2026-03-15 08:48:48] [INFO] Epoch 1/1
[2026-03-15 08:48:48] [INFO] ======================================================================
[2026-03-15 08:48:48] [INFO] Epoch 1, Cycle 0/3: KB=0  RL_rate=0.00%  H_rate=0.00%  epoch_rl=0  epoch_h=0  ppo_updates=0  complexity=2
[2026-03-15 08:48:49] [INFO] Epoch 1, Cycle 1/3: KB=0  RL_rate=0.00%  H_rate=0.00%  epoch_rl=0  epoch_h=0  ppo_updates=0  complexity=2
[2026-03-15 08:48:49] [INFO] Epoch 1, Cycle 2/3: KB=0  RL_rate=0.00%  H_rate=0.00%  epoch_rl=0  epoch_h=0  ppo_updates=0  complexity=2
[2026-03-15 08:48:49] [INFO] 
Epoch 1 done in 0.7s | RL proofs: 0 | Heuristic proofs: 0 | KB size: 0
[2026-03-15 08:48:49] [INFO] 
======================================================================
[2026-03-15 08:48:49] [INFO] Training complete in 0.7s
[2026-03-15 08:48:49] [INFO] Total RL proofs: 0
[2026-03-15 08:48:49] [INFO] Total heuristic proofs: 0
[2026-03-15 08:48:49] [INFO] Total PPO updates: 0
[2026-03-15 08:48:49] [INFO] Final KB size: 0
[2026-03-15 08:48:49] [INFO] ======================================================================
[2026-03-15 08:48:49] [INFO]   Checkpoint saved: epoch_0_cycle_2
