[2026-03-15 06:37:16] [INFO] ============================================================
[2026-03-15 06:37:16] [INFO] AutoConjecture Training Log
[2026-03-15 06:37:16] [INFO] Started: 2026-03-15T06:37:16.026068
[2026-03-15 06:37:16] [INFO] ============================================================

[2026-03-15 06:37:16] [INFO] ============================================================
[2026-03-15 06:37:16] [INFO] AutoConjecture Phase 2: Neural Generator Training
[2026-03-15 06:37:16] [INFO] ============================================================
[2026-03-15 06:37:16] [INFO] Configuration:
[2026-03-15 06:37:16] [INFO]   Epochs: 20
[2026-03-15 06:37:16] [INFO]   Cycles per epoch: 1000
[2026-03-15 06:37:16] [INFO]   Conjectures per cycle: 20
[2026-03-15 06:37:16] [INFO]   Model: d_model=512, heads=8, layers=8
[2026-03-15 06:37:16] [INFO]   Device: cpu
[2026-03-15 06:37:16] [INFO]   Curriculum: disabled
[2026-03-15 06:37:16] [INFO]   Pretrain epochs: 5
[2026-03-15 06:37:16] [INFO]   Random seed: 42
[2026-03-15 06:37:16] [INFO] ============================================================

[2026-03-15 06:37:18] [INFO] Resuming from checkpoint: data/checkpoints/trainer_epoch_18_cycle_500.pt
[2026-03-15 06:37:18] [INFO] Resuming knowledge base from: data/checkpoints/neural_epoch_18_cycle_500.json
[2026-03-15 06:37:18] [INFO] Starting Phase 2 neural training with config: NeuralTrainingConfig(num_epochs=20, cycles_per_epoch=1000, random_seed=42, conjectures_per_cycle=20, initial_complexity=2, final_complexity=15, d_model=512, nhead=8, num_layers=8, dropout=0.1, generator_lr=0.0001, generator_batch_size=32, generator_warmup_steps=500, use_curriculum=False, curriculum_progression='success_rate', success_threshold=0.3, max_proof_depth=50, max_proof_iterations=1000, pretrain_epochs=5, mixed_generation=True, neural_ratio=0.3, device='cpu', log_interval=100, checkpoint_interval=500, start_epoch=18)
[2026-03-15 06:37:18] [INFO] Device: cpu
[2026-03-15 06:37:18] [INFO] Model parameters: 25,252,881
[2026-03-15 06:37:18] [INFO] 
============================================================
[2026-03-15 06:37:18] [INFO] Phase 1: Supervised Pretraining
[2026-03-15 06:37:18] [INFO] ============================================================
[2026-03-15 06:37:18] [INFO] Pretraining on 6 axioms and 0 existing theorems
[2026-03-15 06:37:18] [INFO] Bootstrapping with axioms only
[2026-03-15 06:37:20] [INFO] Pretraining completed
[2026-03-15 06:37:20] [INFO] 
============================================================
[2026-03-15 06:37:20] [INFO] Phase 2: Curriculum Learning
[2026-03-15 06:37:20] [INFO] ============================================================
[2026-03-15 06:37:20] [INFO] 
============================================================
[2026-03-15 06:37:20] [INFO] Epoch 19/20
[2026-03-15 06:37:20] [INFO] ============================================================
[2026-03-15 06:37:20] [INFO] Epoch 19, Cycle 0/1000: KB size = 0, Success rate = 0.00%, Epoch proofs = 0
[2026-03-15 06:37:28] [INFO]   ✓ Proved: ((y * ((0 * 0) * S(x))) = 0)
[2026-03-15 06:37:28] [INFO]     Proof length: 1 steps
[2026-03-15 06:37:28] [INFO]     Complexity: 17.0
[2026-03-15 06:37:30] [INFO]   ✓ Proved: (((0 + 0) + 0) = 0)
[2026-03-15 06:37:30] [INFO]     Proof length: 1 steps
[2026-03-15 06:37:30] [INFO]     Complexity: 11.0
[2026-03-15 06:37:31] [INFO]   ✓ Proved: (((z * y) * 0) = (0 * w))
[2026-03-15 06:37:31] [INFO]     Proof length: 1 steps
[2026-03-15 06:37:31] [INFO]     Complexity: 16.0
[2026-03-15 06:37:32] [INFO]   ✓ Proved: (0 = (x * ((0 * z) * w)))
[2026-03-15 06:37:32] [INFO]     Proof length: 1 steps
[2026-03-15 06:37:32] [INFO]     Complexity: 17.0
[2026-03-15 06:37:33] [INFO]   ✓ Proved: ((0 * w) = 0)
[2026-03-15 06:37:33] [INFO]     Proof length: 1 steps
[2026-03-15 06:37:33] [INFO]     Complexity: 9.0
[2026-03-15 06:37:34] [INFO]   ✓ Proved: (0 = (S((x + y)) * 0))
[2026-03-15 06:37:34] [INFO]     Proof length: 1 steps
[2026-03-15 06:37:34] [INFO]     Complexity: 15.0
[2026-03-15 06:37:35] [INFO]   ✓ Proved: ((y * 0) = (x * 0))
[2026-03-15 06:37:35] [INFO]     Proof length: 1 steps
[2026-03-15 06:37:35] [INFO]     Complexity: 12.0
[2026-03-15 06:37:42] [INFO]   ✓ Proved: (0 = ((0 * x) * x))
[2026-03-15 06:37:42] [INFO]     Proof length: 1 steps
[2026-03-15 06:37:42] [INFO]     Complexity: 12.0
[2026-03-15 06:37:44] [INFO]   ✓ Proved: ((S((w * 0)) * (0 * 0)) = 0)
[2026-03-15 06:37:44] [INFO]     Proof length: 1 steps
[2026-03-15 06:37:44] [INFO]     Complexity: 16.0
